[DEBUG] 2024-05-08 19:53:51.467 [main] BaseTest - Launching Chrome
[INFO ] 2024-05-08 19:53:53.508 [main] BaseTest - <b>TEST CASE: DOLOGIN PASSED</b>
[DEBUG] 2024-05-08 20:44:56.647 [main] BaseTest - Launching Chrome
[INFO ] 2024-05-08 20:44:58.685 [main] BaseTest - <b>TEST CASE: DOLOGIN PASSED</b>
[DEBUG] 2024-05-08 21:17:11.716 [main] BaseTest - Launching Chrome
[INFO ] 2024-05-08 21:17:13.890 [main] BaseTest - <b>TEST CASE: DOLOGIN PASSED</b>
[DEBUG] 2024-05-08 21:18:59.027 [main] BaseTest - Launching Chrome
[INFO ] 2024-05-08 21:19:10.161 [main] BaseTest - TEST FAILED
[DEBUG] 2024-05-08 21:21:25.743 [main] BaseTest - Launching Chrome
[INFO ] 2024-05-08 21:21:27.679 [main] BaseTest - <b>TEST CASE: DOLOGIN PASSED</b>
[DEBUG] 2024-05-08 21:25:17.880 [main] BaseTest - Launching Chrome
[DEBUG] 2024-05-08 21:25:32.531 [main] BaseTest - Launching Chrome
[INFO ] 2024-05-08 21:25:43.676 [main] BaseTest - TEST FAILED
[DEBUG] 2024-05-08 21:26:13.719 [main] BaseTest - Launching Chrome
[INFO ] 2024-05-08 21:26:24.909 [main] BaseTest - TEST FAILED
[DEBUG] 2024-05-08 21:33:22.859 [main] BaseTest - Launching Chrome
[INFO ] 2024-05-08 21:33:24.912 [main] BaseTest - <b>TEST CASE: DOLOGIN PASSED</b>
[DEBUG] 2024-05-08 21:34:38.049 [main] BaseTest - Launching Chrome
[INFO ] 2024-05-08 21:34:40.044 [main] BaseTest - <b>TEST CASE: DOLOGIN PASSED</b>
[DEBUG] 2024-05-08 21:35:37.729 [main] BaseTest - Launching Chrome
[INFO ] 2024-05-08 21:35:39.866 [main] BaseTest - <b>TEST CASE: DOLOGIN PASSED</b>
[DEBUG] 2024-05-08 21:37:18.191 [main] BaseTest - Launching Chrome
[INFO ] 2024-05-08 21:37:20.127 [main] BaseTest - <b>TEST CASE: DOLOGIN PASSED</b>
[DEBUG] 2024-05-08 21:38:11.755 [main] BaseTest - Launching Chrome
[INFO ] 2024-05-08 21:38:13.747 [main] BaseTest - <b>TEST CASE: DOLOGIN PASSED</b>
[DEBUG] 2024-05-08 21:39:17.836 [main] BaseTest - Launching Chrome
[INFO ] 2024-05-08 21:39:19.809 [main] BaseTest - <b>TEST CASE: DOLOGIN PASSED</b>
[DEBUG] 2024-05-08 21:39:39.093 [main] BaseTest - Launching Chrome
[INFO ] 2024-05-08 21:39:41.250 [main] BaseTest - <b>TEST CASE: DOLOGIN PASSED</b>
[DEBUG] 2024-05-08 21:41:59.064 [main] BaseTest - Launching Chrome
[INFO ] 2024-05-08 21:42:01.126 [main] BaseTest - <b>TEST CASE: DOLOGIN PASSED</b>
[DEBUG] 2024-05-08 21:42:22.937 [main] BaseTest - Launching Chrome
[INFO ] 2024-05-08 21:42:24.943 [main] BaseTest - <b>TEST CASE: DOLOGIN PASSED</b>
[DEBUG] 2024-05-08 21:49:02.613 [main] BaseTest - Launching Chrome
[INFO ] 2024-05-08 21:49:04.993 [main] BaseTest - <b>TEST CASE: DOLOGIN PASSED</b>
[DEBUG] 2024-05-08 21:52:28.198 [main] BaseTest - Launching Chrome
[INFO ] 2024-05-08 21:52:30.186 [main] BaseTest - <b>TEST CASE: DOLOGIN PASSED</b>
[DEBUG] 2024-05-08 21:53:56.113 [main] BaseTest - Launching Chrome
[INFO ] 2024-05-08 21:53:58.108 [main] BaseTest - <b>TEST CASE: DOLOGIN PASSED</b>
[DEBUG] 2024-05-08 21:54:20.751 [main] BaseTest - Launching Chrome
[INFO ] 2024-05-08 21:54:22.716 [main] BaseTest - <b>TEST CASE: DOLOGIN PASSED</b>
[DEBUG] 2024-05-08 21:56:57.780 [main] BaseTest - Launching Chrome
[INFO ] 2024-05-08 21:56:59.910 [main] BaseTest - <b>TEST CASE: DOLOGIN PASSED</b>
[DEBUG] 2024-05-08 21:58:03.670 [main] BaseTest - Launching Chrome
[INFO ] 2024-05-08 21:58:14.849 [main] BaseTest - TEST FAILED
[DEBUG] 2024-05-08 22:02:59.205 [main] BaseTest - Launching Chrome
[INFO ] 2024-05-08 22:03:02.356 [main] BaseTest - TEST FAILED
[DEBUG] 2024-05-08 22:03:22.520 [main] BaseTest - Launching Chrome
[INFO ] 2024-05-08 22:03:25.703 [main] BaseTest - TEST FAILED
[DEBUG] 2024-05-08 22:05:56.655 [main] BaseTest - Launching Chrome
[INFO ] 2024-05-08 22:05:59.901 [main] BaseTest - TEST FAILED
[DEBUG] 2024-05-08 22:06:18.262 [main] BaseTest - Launching Chrome
[INFO ] 2024-05-08 22:06:21.480 [main] BaseTest - TEST FAILED
[DEBUG] 2024-05-08 22:06:55.193 [main] BaseTest - Launching Chrome
[INFO ] 2024-05-08 22:06:58.429 [main] BaseTest - TEST FAILED
[DEBUG] 2024-05-08 22:08:28.128 [main] BaseTest - Launching Chrome
[INFO ] 2024-05-08 22:08:31.326 [main] BaseTest - TEST FAILED
[DEBUG] 2024-05-08 22:09:11.656 [main] BaseTest - Launching Chrome
[INFO ] 2024-05-08 22:09:14.841 [main] BaseTest - TEST FAILED
[DEBUG] 2024-05-08 22:10:36.324 [main] BaseTest - Launching Chrome
[INFO ] 2024-05-08 22:10:39.470 [main] BaseTest - TEST FAILED
[DEBUG] 2024-05-08 22:13:29.295 [main] BaseTest - Launching Chrome
[INFO ] 2024-05-08 22:13:32.495 [main] BaseTest - TEST FAILED
[DEBUG] 2024-05-08 22:14:12.245 [main] BaseTest - Launching Chrome
[INFO ] 2024-05-08 22:14:15.394 [main] BaseTest - TEST FAILED
[DEBUG] 2024-05-08 22:16:13.258 [main] BaseTest - Launching Chrome
[INFO ] 2024-05-08 22:16:16.424 [main] BaseTest - TEST FAILED
[DEBUG] 2024-05-08 22:21:05.163 [main] BaseTest - Launching Chrome
[INFO ] 2024-05-08 22:21:08.396 [main] BaseTest - TEST FAILED
[DEBUG] 2024-05-08 22:21:26.052 [main] BaseTest - Launching Chrome
[INFO ] 2024-05-08 22:21:29.278 [main] BaseTest - TEST FAILED
[DEBUG] 2024-05-08 22:21:48.633 [main] BaseTest - Launching Chrome
[INFO ] 2024-05-08 22:21:51.876 [main] BaseTest - TEST FAILED
[DEBUG] 2024-05-08 22:22:09.751 [main] BaseTest - Launching Chrome
[INFO ] 2024-05-08 22:22:12.975 [main] BaseTest - TEST FAILED
[DEBUG] 2024-05-08 22:28:52.779 [main] BaseTest - Launching Chrome
[INFO ] 2024-05-08 22:28:55.959 [main] BaseTest - TEST FAILED
[DEBUG] 2024-05-08 22:30:30.281 [main] BaseTest - Launching Chrome
[INFO ] 2024-05-08 22:30:33.589 [main] BaseTest - TEST FAILED
[DEBUG] 2024-05-08 22:32:10.823 [main] BaseTest - Launching Chrome
[INFO ] 2024-05-08 22:32:13.986 [main] BaseTest - TEST FAILED
[DEBUG] 2024-05-08 22:32:39.553 [main] BaseTest - Launching Chrome
[INFO ] 2024-05-08 22:32:42.902 [main] BaseTest - TEST FAILED
[DEBUG] 2024-05-08 22:36:17.177 [main] BaseTest - Launching Chrome
[INFO ] 2024-05-08 22:36:20.358 [main] BaseTest - TEST FAILED
[DEBUG] 2024-05-08 22:37:33.214 [main] BaseTest - Launching Chrome
[INFO ] 2024-05-08 22:37:36.548 [main] BaseTest - TEST FAILED
[DEBUG] 2024-05-08 22:38:04.366 [main] BaseTest - Launching Chrome
[DEBUG] 2024-05-08 22:38:45.804 [main] BaseTest - Launching Chrome
[INFO ] 2024-05-08 22:38:49.145 [main] BaseTest - TEST FAILED
[DEBUG] 2024-05-08 22:39:46.825 [main] BaseTest - Launching Chrome
[INFO ] 2024-05-08 22:39:50.102 [main] BaseTest - TEST FAILED
[DEBUG] 2024-05-08 22:40:39.682 [main] BaseTest - Launching Chrome
[INFO ] 2024-05-08 22:40:42.947 [main] BaseTest - TEST FAILED
[DEBUG] 2024-05-08 22:40:56.850 [main] BaseTest - Launching Chrome
[INFO ] 2024-05-08 22:41:00.123 [main] BaseTest - TEST FAILED
[DEBUG] 2024-05-08 22:41:31.883 [main] BaseTest - Launching Chrome
[INFO ] 2024-05-08 22:41:35.455 [main] BaseTest - TEST FAILED
[DEBUG] 2024-05-08 22:41:58.847 [main] BaseTest - Launching Chrome
[INFO ] 2024-05-08 22:42:02.095 [main] BaseTest - TEST FAILED
[DEBUG] 2024-05-08 22:42:24.228 [main] BaseTest - Launching Chrome
[INFO ] 2024-05-08 22:42:27.547 [main] BaseTest - TEST FAILED
[DEBUG] 2024-05-08 22:42:40.106 [main] BaseTest - Launching Chrome
[INFO ] 2024-05-08 22:42:43.440 [main] BaseTest - TEST FAILED
[DEBUG] 2024-05-08 22:43:14.224 [main] BaseTest - Launching Chrome
[INFO ] 2024-05-08 22:43:17.354 [main] BaseTest - TEST FAILED
[DEBUG] 2024-05-08 22:43:28.034 [main] BaseTest - Launching Chrome
[INFO ] 2024-05-08 22:43:31.283 [main] BaseTest - TEST FAILED
[DEBUG] 2024-05-08 22:43:43.706 [main] BaseTest - Launching Chrome
[INFO ] 2024-05-08 22:43:46.974 [main] BaseTest - TEST FAILED
[DEBUG] 2024-05-08 22:43:57.303 [main] BaseTest - Launching Chrome
[INFO ] 2024-05-08 22:44:01.706 [main] BaseTest - TEST FAILED
[DEBUG] 2024-05-08 22:46:02.837 [main] BaseTest - Launching Chrome
[INFO ] 2024-05-08 22:46:06.142 [main] BaseTest - TEST FAILED
[DEBUG] 2024-05-08 22:46:23.910 [main] BaseTest - Launching Chrome
[INFO ] 2024-05-08 22:46:27.238 [main] BaseTest - TEST FAILED
[DEBUG] 2024-05-08 22:49:24.575 [main] BaseTest - Launching Chrome
[INFO ] 2024-05-08 22:49:27.860 [main] BaseTest - TEST FAILED
[DEBUG] 2024-05-08 22:50:00.135 [main] BaseTest - Launching Chrome
[INFO ] 2024-05-08 22:50:03.437 [main] BaseTest - TEST FAILED
[DEBUG] 2024-05-08 22:50:22.193 [main] BaseTest - Launching Chrome
[INFO ] 2024-05-08 22:50:24.246 [main] BaseTest - <b>TEST CASE: DOLOGIN PASSED</b>
[DEBUG] 2024-05-08 22:50:45.742 [main] BaseTest - Launching Chrome
[DEBUG] 2024-05-08 22:51:12.021 [main] BaseTest - Launching Chrome
[INFO ] 2024-05-08 22:51:14.121 [main] BaseTest - <b>TEST CASE: DOLOGIN PASSED</b>
[DEBUG] 2024-05-08 22:51:36.110 [main] BaseTest - Launching Chrome
[INFO ] 2024-05-08 22:51:38.048 [main] BaseTest - <b>TEST CASE: DOLOGIN PASSED</b>
[DEBUG] 2024-05-08 22:51:50.264 [main] BaseTest - Launching Chrome
[INFO ] 2024-05-08 22:51:52.178 [main] BaseTest - <b>TEST CASE: DOLOGIN PASSED</b>
[DEBUG] 2024-05-08 22:52:11.277 [main] BaseTest - Launching Chrome
[INFO ] 2024-05-08 22:52:13.227 [main] BaseTest - <b>TEST CASE: DOLOGIN PASSED</b>
[DEBUG] 2024-05-08 22:52:31.841 [main] BaseTest - Launching Chrome
[INFO ] 2024-05-08 22:52:33.730 [main] BaseTest - <b>TEST CASE: DOLOGIN PASSED</b>
[DEBUG] 2024-05-08 22:53:17.424 [main] BaseTest - Launching Chrome
[INFO ] 2024-05-08 22:53:19.316 [main] BaseTest - <b>TEST CASE: DOLOGIN PASSED</b>
[DEBUG] 2024-05-08 22:53:37.439 [main] BaseTest - Launching Chrome
[INFO ] 2024-05-08 22:53:39.366 [main] BaseTest - <b>TEST CASE: DOLOGIN PASSED</b>
[DEBUG] 2024-05-08 22:54:25.629 [main] BaseTest - Launching Chrome
[INFO ] 2024-05-08 22:54:27.539 [main] BaseTest - <b>TEST CASE: DOLOGIN PASSED</b>
[DEBUG] 2024-05-08 23:02:36.392 [main] BaseTest - Launching Chrome
[INFO ] 2024-05-08 23:02:38.371 [main] BaseTest - <b>TEST CASE: DOLOGIN PASSED</b>
[DEBUG] 2024-05-08 23:02:55.743 [main] BaseTest - Launching Chrome
[INFO ] 2024-05-08 23:02:57.743 [main] BaseTest - <b>TEST CASE: DOLOGIN PASSED</b>
[DEBUG] 2024-05-08 23:03:18.719 [main] BaseTest - Launching Chrome
[INFO ] 2024-05-08 23:03:20.668 [main] BaseTest - <b>TEST CASE: DOLOGIN PASSED</b>
[DEBUG] 2024-05-08 23:04:10.140 [main] BaseTest - Launching Chrome
[INFO ] 2024-05-08 23:04:12.198 [main] BaseTest - <b>TEST CASE: DOLOGIN PASSED</b>
[DEBUG] 2024-05-08 23:09:36.086 [main] BaseTest - Launching Chrome
[INFO ] 2024-05-08 23:09:38.062 [main] BaseTest - <b>TEST CASE: DOLOGIN PASSED</b>
[DEBUG] 2024-05-08 23:11:50.833 [main] BaseTest - Launching Chrome
[INFO ] 2024-05-08 23:11:52.829 [main] BaseTest - <b>TEST CASE: DOLOGIN PASSED</b>
[DEBUG] 2024-05-08 23:13:28.179 [main] BaseTest - Launching Chrome
[INFO ] 2024-05-08 23:13:30.106 [main] BaseTest - <b>TEST CASE: DOLOGIN PASSED</b>
[DEBUG] 2024-05-08 23:13:43.067 [main] BaseTest - Launching Chrome
[INFO ] 2024-05-08 23:13:44.973 [main] BaseTest - <b>TEST CASE: DOLOGIN PASSED</b>
[DEBUG] 2024-05-08 23:16:01.647 [main] BaseTest - Launching Chrome
[INFO ] 2024-05-08 23:16:03.596 [main] BaseTest - <b>TEST CASE: DOLOGIN PASSED</b>
[DEBUG] 2024-05-08 23:18:24.104 [main] BaseTest - Launching Chrome
[INFO ] 2024-05-08 23:18:26.029 [main] BaseTest - <b>TEST CASE: DOLOGIN PASSED</b>
[DEBUG] 2024-05-08 23:20:12.404 [main] BaseTest - Launching Chrome
[INFO ] 2024-05-08 23:20:14.330 [main] BaseTest - <b>TEST CASE: DOLOGIN PASSED</b>
[DEBUG] 2024-05-08 23:20:29.412 [main] BaseTest - Launching Chrome
[INFO ] 2024-05-08 23:20:31.388 [main] BaseTest - <b>TEST CASE: DOLOGIN PASSED</b>
[DEBUG] 2024-05-08 23:21:49.451 [main] BaseTest - Launching Chrome
[INFO ] 2024-05-08 23:21:51.431 [main] BaseTest - <b>TEST CASE: DOLOGIN PASSED</b>
[DEBUG] 2024-05-08 23:22:42.270 [main] BaseTest - Launching Chrome
[INFO ] 2024-05-08 23:22:44.280 [main] BaseTest - <b>TEST CASE: DOLOGIN PASSED</b>
[DEBUG] 2024-05-08 23:24:42.237 [main] BaseTest - Launching Chrome
[INFO ] 2024-05-08 23:24:44.191 [main] BaseTest - <b>TEST CASE: DOLOGIN PASSED</b>
[DEBUG] 2024-05-08 23:33:16.215 [main] BaseTest - Launching Chrome
[INFO ] 2024-05-08 23:33:18.246 [main] BaseTest - <b>TEST CASE: DOLOGIN PASSED</b>
[DEBUG] 2024-05-08 23:34:27.032 [main] BaseTest - Launching Chrome
[INFO ] 2024-05-08 23:34:28.973 [main] BaseTest - <b>TEST CASE: DOLOGIN PASSED</b>
[DEBUG] 2024-05-08 23:41:36.446 [main] BaseTest - Launching Chrome
[INFO ] 2024-05-08 23:41:38.459 [main] BaseTest - <b>TEST CASE: DOLOGIN PASSED</b>
[DEBUG] 2024-05-08 23:42:48.430 [main] BaseTest - Launching Chrome
[INFO ] 2024-05-08 23:42:50.439 [main] BaseTest - <b>TEST CASE: DOLOGIN PASSED</b>
[DEBUG] 2024-05-08 23:44:20.924 [main] BaseTest - Launching Chrome
[INFO ] 2024-05-08 23:44:22.878 [main] BaseTest - <b>TEST CASE: DOLOGIN PASSED</b>
[DEBUG] 2024-05-08 23:51:41.410 [main] BaseTest - Launching Chrome
[INFO ] 2024-05-08 23:51:52.781 [main] BaseTest - TEST FAILED
[DEBUG] 2024-05-08 23:53:18.597 [main] BaseTest - Launching Chrome
[INFO ] 2024-05-08 23:53:29.794 [main] BaseTest - TEST FAILED
[DEBUG] 2024-05-08 23:56:17.983 [main] BaseTest - Launching Chrome
[INFO ] 2024-05-08 23:56:29.104 [main] BaseTest - TEST FAILED
[DEBUG] 2024-05-09 04:20:01.603 [main] BaseTest - Launching Chrome
[INFO ] 2024-05-09 04:20:12.953 [main] BaseTest - TEST FAILED
[DEBUG] 2024-05-09 20:32:04.132 [main] BaseTest - Launching Chrome
[INFO ] 2024-05-09 20:32:15.526 [main] BaseTest - TEST FAILED
[DEBUG] 2024-05-09 20:59:33.830 [main] BaseTest - Launching Chrome
[INFO ] 2024-05-09 20:59:45.146 [main] BaseTest - TEST FAILED
[DEBUG] 2024-05-09 21:04:53.436 [main] BaseTest - Launching Chrome
[INFO ] 2024-05-09 21:04:55.651 [main] BaseTest - <b>TEST CASE: DOLOGIN PASSED</b>
[DEBUG] 2024-05-09 21:38:59.875 [main] BaseTest - Launching Chrome
[DEBUG] 2024-05-09 21:40:14.376 [main] BaseTest - Launching Chrome
[INFO ] 2024-05-09 21:40:16.476 [main] BaseTest - <b>TEST CASE: DOLOGIN PASSED</b>
[DEBUG] 2024-05-09 21:45:17.859 [main] BaseTest - Launching Chrome
[DEBUG] 2024-05-09 21:48:43.632 [main] BaseTest - Launching Chrome
[DEBUG] 2024-05-09 21:50:25.869 [main] BaseTest - Launching Chrome
[DEBUG] 2024-05-09 21:56:15.129 [main] BaseTest - Launching Chrome
[DEBUG] 2024-05-09 21:56:57.270 [main] BaseTest - Launching Chrome
[INFO ] 2024-05-09 21:56:59.226 [main] BaseTest - <b>TEST CASE: DOLOGIN PASSED</b>
[DEBUG] 2024-05-09 22:09:29.444 [main] BaseTest - Launching Chrome
[INFO ] 2024-05-09 22:09:31.548 [main] BaseTest - <b>TEST CASE: DOLOGIN PASSED</b>
[DEBUG] 2024-05-09 22:12:20.092 [main] BaseTest - Launching Chrome
[INFO ] 2024-05-09 22:12:22.088 [main] BaseTest - <b>TEST CASE: DOLOGIN PASSED</b>
[DEBUG] 2024-05-09 22:24:28.565 [main] BaseTest - Launching Chrome
[INFO ] 2024-05-09 22:24:30.639 [main] BaseTest - <b>TEST CASE: DOLOGIN PASSED</b>
[DEBUG] 2024-05-09 22:25:11.695 [main] BaseTest - Launching Chrome
[INFO ] 2024-05-09 22:25:13.770 [main] BaseTest - <b>TEST CASE: DOLOGIN PASSED</b>
[DEBUG] 2024-05-09 22:27:17.787 [main] BaseTest - Launching Chrome
[INFO ] 2024-05-09 22:27:19.765 [main] BaseTest - <b>TEST CASE: DOLOGIN PASSED</b>
[DEBUG] 2024-05-09 22:28:48.292 [main] BaseTest - Launching Chrome
[INFO ] 2024-05-09 22:28:50.241 [main] BaseTest - <b>TEST CASE: DOLOGIN PASSED</b>
[DEBUG] 2024-05-09 22:35:59.572 [main] BaseTest - Launching Chrome
[INFO ] 2024-05-09 22:36:01.953 [main] BaseTest - <b>TEST CASE: DOLOGIN PASSED</b>
[DEBUG] 2024-05-09 22:39:34.257 [main] BaseTest - Launching Chrome
[INFO ] 2024-05-09 22:39:36.202 [main] BaseTest - <b>TEST CASE: DOLOGIN PASSED</b>
[DEBUG] 2024-05-09 22:40:03.131 [main] BaseTest - Launching Chrome
[INFO ] 2024-05-09 22:40:05.114 [main] BaseTest - <b>TEST CASE: DOLOGIN PASSED</b>
[DEBUG] 2024-05-09 22:40:24.215 [main] BaseTest - Launching Chrome
[INFO ] 2024-05-09 22:40:26.107 [main] BaseTest - <b>TEST CASE: DOLOGIN PASSED</b>
[DEBUG] 2024-05-09 22:41:33.870 [main] BaseTest - Launching Chrome
[INFO ] 2024-05-09 22:41:35.795 [main] BaseTest - <b>TEST CASE: DOLOGIN PASSED</b>
[DEBUG] 2024-05-09 22:43:03.776 [main] BaseTest - Launching Chrome
[INFO ] 2024-05-09 22:43:15.864 [main] BaseTest - TEST FAILED
[DEBUG] 2024-05-09 22:44:01.341 [main] BaseTest - Launching Chrome
[INFO ] 2024-05-09 22:44:13.562 [main] BaseTest - TEST FAILED
<<<<<<< HEAD
=======
[DEBUG] 2024-05-09 23:02:22.141 [main] BaseTest - Launching Chrome
[INFO ] 2024-05-09 23:02:34.284 [main] BaseTest - TEST FAILED
>>>>>>> c75507fe85ad257e6a204edb98854b20e34860b8
[DEBUG] 2024-05-09 23:40:34.791 [main] BaseTest - Launching Chrome
[INFO ] 2024-05-09 23:40:39.092 [main] BaseTest - TEST FAILED
[DEBUG] 2024-05-09 23:40:56.942 [main] BaseTest - Launching Chrome
[INFO ] 2024-05-09 23:40:58.921 [main] BaseTest - <b>TEST CASE: DOLOGIN PASSED</b>
[DEBUG] 2024-05-09 23:44:54.717 [main] BaseTest - Launching Chrome
[INFO ] 2024-05-09 23:44:56.685 [main] BaseTest - <b>TEST CASE: DOLOGIN PASSED</b>
[DEBUG] 2024-05-09 23:45:58.593 [main] BaseTest - Launching Chrome
[INFO ] 2024-05-09 23:46:00.755 [main] BaseTest - <b>TEST CASE: DOLOGIN PASSED</b>
[DEBUG] 2024-05-09 23:53:43.541 [main] BaseTest - Launching Chrome
[INFO ] 2024-05-09 23:53:45.556 [main] BaseTest - <b>TEST CASE: DOLOGIN PASSED</b>
[DEBUG] 2024-05-10 00:00:42.545 [main] BaseTest - Launching Chrome
[INFO ] 2024-05-10 00:00:44.613 [main] BaseTest - <b>TEST CASE: DOLOGIN PASSED</b>
[DEBUG] 2024-05-10 00:04:45.004 [main] BaseTest - Launching Chrome
[INFO ] 2024-05-10 00:04:47.002 [main] BaseTest - <b>TEST CASE: DOLOGIN PASSED</b>
[DEBUG] 2024-05-10 00:05:06.120 [main] BaseTest - Launching Chrome
[INFO ] 2024-05-10 00:05:08.052 [main] BaseTest - <b>TEST CASE: DOLOGIN PASSED</b>
[DEBUG] 2024-05-10 00:08:16.745 [main] BaseTest - Launching Chrome
[INFO ] 2024-05-10 00:08:27.830 [main] BaseTest - TEST FAILED
[DEBUG] 2024-05-10 00:08:59.943 [main] BaseTest - Launching Chrome
[INFO ] 2024-05-10 00:09:01.915 [main] BaseTest - <b>TEST CASE: DOLOGIN PASSED</b>
[DEBUG] 2024-05-10 00:15:46.365 [main] BaseTest - Launching Chrome
[INFO ] 2024-05-10 00:15:48.391 [main] BaseTest - <b>TEST CASE: DOLOGIN PASSED</b>
[DEBUG] 2024-05-10 00:17:38.254 [main] BaseTest - Launching Chrome
[INFO ] 2024-05-10 00:17:40.218 [main] BaseTest - <b>TEST CASE: DOLOGIN PASSED</b>
[DEBUG] 2024-05-10 00:18:13.321 [main] BaseTest - Launching Chrome
[INFO ] 2024-05-10 00:18:15.269 [main] BaseTest - <b>TEST CASE: DOLOGIN PASSED</b>
[DEBUG] 2024-05-10 00:24:09.592 [main] BaseTest - Launching Chrome
[INFO ] 2024-05-10 00:24:11.717 [main] BaseTest - <b>TEST CASE: DOLOGIN PASSED</b>
[DEBUG] 2024-05-10 00:26:49.874 [main] BaseTest - Launching Chrome
[INFO ] 2024-05-10 00:26:51.876 [main] BaseTest - <b>TEST CASE: DOLOGIN PASSED</b>
[DEBUG] 2024-05-10 00:30:16.887 [main] BaseTest - Launching Chrome
[INFO ] 2024-05-10 00:30:18.979 [main] BaseTest - <b>TEST CASE: DOLOGIN PASSED</b>
[DEBUG] 2024-05-10 00:39:48.613 [main] BaseTest - Launching Chrome
[INFO ] 2024-05-10 00:39:50.834 [main] BaseTest - <b>TEST CASE: DOLOGIN PASSED</b>
[DEBUG] 2024-05-10 00:40:14.673 [main] BaseTest - Launching Chrome
[INFO ] 2024-05-10 00:40:16.627 [main] BaseTest - <b>TEST CASE: DOLOGIN PASSED</b>
[DEBUG] 2024-05-10 00:44:45.225 [main] BaseTest - Launching Chrome
[INFO ] 2024-05-10 00:44:47.186 [main] BaseTest - <b>TEST CASE: DOLOGIN PASSED</b>
[DEBUG] 2024-05-10 00:50:50.508 [main] BaseTest - Launching Chrome
[INFO ] 2024-05-10 00:50:52.447 [main] BaseTest - <b>TEST CASE: DOLOGIN PASSED</b>
[DEBUG] 2024-05-10 01:17:43.316 [main] BaseTest - Launching Chrome
[INFO ] 2024-05-10 01:17:45.451 [main] BaseTest - <b>TEST CASE: DOLOGIN PASSED</b>
[DEBUG] 2024-05-10 01:19:21.898 [main] BaseTest - Launching Chrome
[INFO ] 2024-05-10 01:19:33.192 [main] BaseTest - TEST FAILED
[DEBUG] 2024-05-10 01:21:26.857 [main] BaseTest - Launching Chrome
[INFO ] 2024-05-10 01:21:28.796 [main] BaseTest - <b>TEST CASE: DOLOGIN PASSED</b>
[DEBUG] 2024-05-10 01:22:11.503 [main] BaseTest - Launching Chrome
[INFO ] 2024-05-10 01:22:13.507 [main] BaseTest - <b>TEST CASE: DOLOGIN PASSED</b>
[DEBUG] 2024-05-10 01:23:06.248 [main] BaseTest - Launching Chrome
[INFO ] 2024-05-10 01:23:17.501 [main] BaseTest - TEST FAILED
[DEBUG] 2024-05-10 01:24:05.956 [main] BaseTest - Launching Chrome
[INFO ] 2024-05-10 01:24:08.021 [main] BaseTest - <b>TEST CASE: DOLOGIN PASSED</b>
[DEBUG] 2024-05-10 01:27:15.629 [main] BaseTest - Launching Chrome
[INFO ] 2024-05-10 01:27:17.576 [main] BaseTest - <b>TEST CASE: DOLOGIN PASSED</b>
